

Started GET "/" for 127.0.0.1 at 2016-10-24 01:39:27 -0200
Processing by BaseController#api as HTML
  Rendered text template (0.0ms)
Completed 200 OK in 287ms (Views: 286.2ms | ActiveRecord: 0.0ms)


Started GET "/favicon.ico" for 127.0.0.1 at 2016-10-24 01:39:28 -0200

ActionController::RoutingError (No route matches [GET] "/favicon.ico"):
  actionpack (4.2.6) lib/action_dispatch/middleware/debug_exceptions.rb:21:in `call'
  web-console (2.3.0) lib/web_console/middleware.rb:28:in `block in call'
  web-console (2.3.0) lib/web_console/middleware.rb:18:in `catch'
  web-console (2.3.0) lib/web_console/middleware.rb:18:in `call'
  actionpack (4.2.6) lib/action_dispatch/middleware/show_exceptions.rb:30:in `call'
  railties (4.2.6) lib/rails/rack/logger.rb:38:in `call_app'
  railties (4.2.6) lib/rails/rack/logger.rb:20:in `block in call'
  activesupport (4.2.6) lib/active_support/tagged_logging.rb:68:in `block in tagged'
  activesupport (4.2.6) lib/active_support/tagged_logging.rb:26:in `tagged'
  activesupport (4.2.6) lib/active_support/tagged_logging.rb:68:in `tagged'
  railties (4.2.6) lib/rails/rack/logger.rb:20:in `call'
  actionpack (4.2.6) lib/action_dispatch/middleware/request_id.rb:21:in `call'
  rack (1.6.4) lib/rack/methodoverride.rb:22:in `call'
  rack (1.6.4) lib/rack/runtime.rb:18:in `call'
  rack (1.6.4) lib/rack/lock.rb:17:in `call'
  actionpack (4.2.6) lib/action_dispatch/middleware/static.rb:120:in `call'
  rack (1.6.4) lib/rack/sendfile.rb:113:in `call'
  rack-cors (0.4.0) lib/rack/cors.rb:80:in `call'
  railties (4.2.6) lib/rails/engine.rb:518:in `call'
  railties (4.2.6) lib/rails/application.rb:165:in `call'
  rack-cors (0.4.0) lib/rack/cors.rb:80:in `call'
  rack (1.6.4) lib/rack/content_length.rb:15:in `call'
  unicorn (5.1.0) lib/unicorn/http_server.rb:562:in `process_client'
  unicorn (5.1.0) lib/unicorn/http_server.rb:658:in `worker_loop'
  unicorn (5.1.0) lib/unicorn/http_server.rb:508:in `spawn_missing_workers'
  unicorn (5.1.0) lib/unicorn/http_server.rb:132:in `start'
  unicorn-rails (2.2.0) lib/unicorn_rails.rb:33:in `run'
  rack (1.6.4) lib/rack/server.rb:286:in `start'
  railties (4.2.6) lib/rails/commands/server.rb:80:in `start'
  railties (4.2.6) lib/rails/commands/commands_tasks.rb:80:in `block in server'
  railties (4.2.6) lib/rails/commands/commands_tasks.rb:75:in `tap'
  railties (4.2.6) lib/rails/commands/commands_tasks.rb:75:in `server'
  railties (4.2.6) lib/rails/commands/commands_tasks.rb:39:in `run_command!'
  railties (4.2.6) lib/rails/commands.rb:17:in `<top (required)>'
  bin/rails:9:in `require'
  bin/rails:9:in `<top (required)>'
  spring (1.7.1) lib/spring/client/rails.rb:28:in `load'
  spring (1.7.1) lib/spring/client/rails.rb:28:in `call'
  spring (1.7.1) lib/spring/client/command.rb:7:in `call'
  spring (1.7.1) lib/spring/client.rb:30:in `run'
  spring (1.7.1) bin/spring:49:in `<top (required)>'
  spring (1.7.1) lib/spring/binstub.rb:11:in `load'
  spring (1.7.1) lib/spring/binstub.rb:11:in `<top (required)>'
  bin/spring:13:in `require'
  bin/spring:13:in `<top (required)>'
  bin/rails:3:in `load'
  bin/rails:3:in `<main>'


  Rendered /home/raphael/.rvm/gems/ruby-2.2.1/gems/actionpack-4.2.6/lib/action_dispatch/middleware/templates/rescues/_trace.html.erb (1.7ms)
  Rendered /home/raphael/.rvm/gems/ruby-2.2.1/gems/actionpack-4.2.6/lib/action_dispatch/middleware/templates/routes/_route.html.erb (1.0ms)
  Rendered /home/raphael/.rvm/gems/ruby-2.2.1/gems/actionpack-4.2.6/lib/action_dispatch/middleware/templates/routes/_table.html.erb (150.9ms)
  Rendered /home/raphael/.rvm/gems/ruby-2.2.1/gems/actionpack-4.2.6/lib/action_dispatch/middleware/templates/rescues/_request_and_response.html.erb (62.6ms)
  Rendered /home/raphael/.rvm/gems/ruby-2.2.1/gems/actionpack-4.2.6/lib/action_dispatch/middleware/templates/rescues/routing_error.html.erb within rescues/layout (496.5ms)
  Rendered /home/raphael/.rvm/gems/ruby-2.2.1/gems/web-console-2.3.0/lib/web_console/templates/_markup.html.erb (0.3ms)
  Rendered /home/raphael/.rvm/gems/ruby-2.2.1/gems/web-console-2.3.0/lib/web_console/templates/_inner_console_markup.html.erb within layouts/inlined_string (0.2ms)
  Rendered /home/raphael/.rvm/gems/ruby-2.2.1/gems/web-console-2.3.0/lib/web_console/templates/_prompt_box_markup.html.erb within layouts/inlined_string (0.3ms)
  Rendered /home/raphael/.rvm/gems/ruby-2.2.1/gems/web-console-2.3.0/lib/web_console/templates/style.css.erb within layouts/inlined_string (0.3ms)
  Rendered /home/raphael/.rvm/gems/ruby-2.2.1/gems/web-console-2.3.0/lib/web_console/templates/console.js.erb within layouts/javascript (301.8ms)
  Rendered /home/raphael/.rvm/gems/ruby-2.2.1/gems/web-console-2.3.0/lib/web_console/templates/main.js.erb within layouts/javascript (0.3ms)
  Rendered /home/raphael/.rvm/gems/ruby-2.2.1/gems/web-console-2.3.0/lib/web_console/templates/error_page.js.erb within layouts/javascript (0.4ms)
  Rendered /home/raphael/.rvm/gems/ruby-2.2.1/gems/web-console-2.3.0/lib/web_console/templates/index.html.erb (434.5ms)


Started GET "/api/v1/slider" for 127.0.0.1 at 2016-10-24 01:39:38 -0200
Processing by Api::V1::PostsController#slider as JSON
  [1m[36mPost Load (20.0ms)[0m  [1mSELECT  `vr_posts`.* FROM `vr_posts` WHERE `vr_posts`.`ID` = 243 LIMIT 1[0m
Completed 500 Internal Server Error in 526ms (ActiveRecord: 136.7ms)

SocketError (getaddrinfo: Name or service not known):
  app/models/post.rb:130:in `get_slider'
  app/models/post.rb:152:in `get_slider_trans'
  app/controllers/api/v1/posts_controller.rb:63:in `slider'


  Rendered /home/raphael/.rvm/gems/ruby-2.2.1/gems/actionpack-4.2.6/lib/action_dispatch/middleware/templates/rescues/_source.erb (8.0ms)
  Rendered /home/raphael/.rvm/gems/ruby-2.2.1/gems/actionpack-4.2.6/lib/action_dispatch/middleware/templates/rescues/_trace.html.erb (2.3ms)
  Rendered /home/raphael/.rvm/gems/ruby-2.2.1/gems/actionpack-4.2.6/lib/action_dispatch/middleware/templates/rescues/_request_and_response.html.erb (0.7ms)
  Rendered /home/raphael/.rvm/gems/ruby-2.2.1/gems/actionpack-4.2.6/lib/action_dispatch/middleware/templates/rescues/diagnostics.html.erb within rescues/layout (21.0ms)
  Rendered /home/raphael/.rvm/gems/ruby-2.2.1/gems/web-console-2.3.0/lib/web_console/templates/_markup.html.erb (0.3ms)
  Rendered /home/raphael/.rvm/gems/ruby-2.2.1/gems/web-console-2.3.0/lib/web_console/templates/_inner_console_markup.html.erb within layouts/inlined_string (0.2ms)
  Rendered /home/raphael/.rvm/gems/ruby-2.2.1/gems/web-console-2.3.0/lib/web_console/templates/_prompt_box_markup.html.erb within layouts/inlined_string (0.2ms)
  Rendered /home/raphael/.rvm/gems/ruby-2.2.1/gems/web-console-2.3.0/lib/web_console/templates/style.css.erb within layouts/inlined_string (0.2ms)
  Rendered /home/raphael/.rvm/gems/ruby-2.2.1/gems/web-console-2.3.0/lib/web_console/templates/console.js.erb within layouts/javascript (10.1ms)
  Rendered /home/raphael/.rvm/gems/ruby-2.2.1/gems/web-console-2.3.0/lib/web_console/templates/main.js.erb within layouts/javascript (0.2ms)
  Rendered /home/raphael/.rvm/gems/ruby-2.2.1/gems/web-console-2.3.0/lib/web_console/templates/error_page.js.erb within layouts/javascript (0.3ms)
  Rendered /home/raphael/.rvm/gems/ruby-2.2.1/gems/web-console-2.3.0/lib/web_console/templates/index.html.erb (20.0ms)


Started GET "/api/v1/slider" for 127.0.0.1 at 2016-10-24 01:39:50 -0200
Processing by Api::V1::PostsController#slider as JSON
  [1m[36mPost Load (19.2ms)[0m  [1mSELECT  `vr_posts`.* FROM `vr_posts` WHERE `vr_posts`.`ID` = 243 LIMIT 1[0m
Completed 500 Internal Server Error in 150ms (ActiveRecord: 85.8ms)

SocketError (getaddrinfo: Name or service not known):
  app/models/post.rb:130:in `get_slider'
  app/models/post.rb:152:in `get_slider_trans'
  app/controllers/api/v1/posts_controller.rb:63:in `slider'


  Rendered /home/raphael/.rvm/gems/ruby-2.2.1/gems/actionpack-4.2.6/lib/action_dispatch/middleware/templates/rescues/_source.erb (5.7ms)
  Rendered /home/raphael/.rvm/gems/ruby-2.2.1/gems/actionpack-4.2.6/lib/action_dispatch/middleware/templates/rescues/_trace.html.erb (2.8ms)
  Rendered /home/raphael/.rvm/gems/ruby-2.2.1/gems/actionpack-4.2.6/lib/action_dispatch/middleware/templates/rescues/_request_and_response.html.erb (7.2ms)
  Rendered /home/raphael/.rvm/gems/ruby-2.2.1/gems/actionpack-4.2.6/lib/action_dispatch/middleware/templates/rescues/diagnostics.html.erb within rescues/layout (24.9ms)
  Rendered /home/raphael/.rvm/gems/ruby-2.2.1/gems/web-console-2.3.0/lib/web_console/templates/_markup.html.erb (0.3ms)
  Rendered /home/raphael/.rvm/gems/ruby-2.2.1/gems/web-console-2.3.0/lib/web_console/templates/_inner_console_markup.html.erb within layouts/inlined_string (0.3ms)
  Rendered /home/raphael/.rvm/gems/ruby-2.2.1/gems/web-console-2.3.0/lib/web_console/templates/_prompt_box_markup.html.erb within layouts/inlined_string (0.3ms)
  Rendered /home/raphael/.rvm/gems/ruby-2.2.1/gems/web-console-2.3.0/lib/web_console/templates/style.css.erb within layouts/inlined_string (0.2ms)
  Rendered /home/raphael/.rvm/gems/ruby-2.2.1/gems/web-console-2.3.0/lib/web_console/templates/console.js.erb within layouts/javascript (13.9ms)
  Rendered /home/raphael/.rvm/gems/ruby-2.2.1/gems/web-console-2.3.0/lib/web_console/templates/main.js.erb within layouts/javascript (0.2ms)
  Rendered /home/raphael/.rvm/gems/ruby-2.2.1/gems/web-console-2.3.0/lib/web_console/templates/error_page.js.erb within layouts/javascript (0.3ms)
  Rendered /home/raphael/.rvm/gems/ruby-2.2.1/gems/web-console-2.3.0/lib/web_console/templates/index.html.erb (25.3ms)


Started GET "/api/v1/slider" for 127.0.0.1 at 2016-10-24 01:41:36 -0200
Processing by Api::V1::PostsController#slider as JSON
  [1m[36mPost Load (22.3ms)[0m  [1mSELECT  `vr_posts`.* FROM `vr_posts` WHERE `vr_posts`.`ID` = 243 LIMIT 1[0m
  [1m[35mPostmeta Load (19.3ms)[0m  SELECT `vr_postmeta`.* FROM `vr_postmeta` WHERE `vr_postmeta`.`post_id` = 243
  [1m[36mSQL (111.1ms)[0m  [1mSELECT `vr_posts`.`ID` AS t0_r0, `vr_posts`.`post_author` AS t0_r1, `vr_posts`.`post_date` AS t0_r2, `vr_posts`.`post_date_gmt` AS t0_r3, `vr_posts`.`post_content` AS t0_r4, `vr_posts`.`post_title` AS t0_r5, `vr_posts`.`post_excerpt` AS t0_r6, `vr_posts`.`post_status` AS t0_r7, `vr_posts`.`comment_status` AS t0_r8, `vr_posts`.`ping_status` AS t0_r9, `vr_posts`.`post_password` AS t0_r10, `vr_posts`.`post_name` AS t0_r11, `vr_posts`.`to_ping` AS t0_r12, `vr_posts`.`pinged` AS t0_r13, `vr_posts`.`post_modified` AS t0_r14, `vr_posts`.`post_modified_gmt` AS t0_r15, `vr_posts`.`post_content_filtered` AS t0_r16, `vr_posts`.`post_parent` AS t0_r17, `vr_posts`.`guid` AS t0_r18, `vr_posts`.`menu_order` AS t0_r19, `vr_posts`.`post_type` AS t0_r20, `vr_posts`.`post_mime_type` AS t0_r21, `vr_posts`.`comment_count` AS t0_r22, `vr_term_taxonomy`.`term_taxonomy_id` AS t1_r0, `vr_term_taxonomy`.`term_id` AS t1_r1, `vr_term_taxonomy`.`taxonomy` AS t1_r2, `vr_term_taxonomy`.`description` AS t1_r3, `vr_term_taxonomy`.`parent` AS t1_r4, `vr_term_taxonomy`.`count` AS t1_r5, `vr_terms`.`term_id` AS t2_r0, `vr_terms`.`name` AS t2_r1, `vr_terms`.`slug` AS t2_r2, `vr_terms`.`term_group` AS t2_r3, `vr_terms`.`term_order` AS t2_r4, `vr_postmeta`.`meta_id` AS t3_r0, `vr_postmeta`.`post_id` AS t3_r1, `vr_postmeta`.`meta_key` AS t3_r2, `vr_postmeta`.`meta_value` AS t3_r3 FROM `vr_posts` LEFT OUTER JOIN `vr_term_relationships` ON `vr_term_relationships`.`object_id` = `vr_posts`.`ID` LEFT OUTER JOIN `vr_term_taxonomy` ON `vr_term_taxonomy`.`term_taxonomy_id` = `vr_term_relationships`.`term_taxonomy_id` LEFT OUTER JOIN `vr_term_relationships` `term_relationships_vr_posts_join` ON `term_relationships_vr_posts_join`.`object_id` = `vr_posts`.`ID` LEFT OUTER JOIN `vr_term_taxonomy` `term_taxonomys_vr_posts_join` ON `term_taxonomys_vr_posts_join`.`term_taxonomy_id` = `term_relationships_vr_posts_join`.`term_taxonomy_id` LEFT OUTER JOIN `vr_terms` ON `vr_terms`.`term_id` = `term_taxonomys_vr_posts_join`.`term_taxonomy_id` LEFT OUTER JOIN `vr_postmeta` ON `vr_postmeta`.`post_id` = `vr_posts`.`ID` WHERE (ID = '1723') AND `vr_posts`.`post_status` = 'publish'[0m
  [1m[35mSQL (1885.8ms)[0m  SELECT `vr_posts`.`ID` AS t0_r0, `vr_posts`.`post_author` AS t0_r1, `vr_posts`.`post_date` AS t0_r2, `vr_posts`.`post_date_gmt` AS t0_r3, `vr_posts`.`post_content` AS t0_r4, `vr_posts`.`post_title` AS t0_r5, `vr_posts`.`post_excerpt` AS t0_r6, `vr_posts`.`post_status` AS t0_r7, `vr_posts`.`comment_status` AS t0_r8, `vr_posts`.`ping_status` AS t0_r9, `vr_posts`.`post_password` AS t0_r10, `vr_posts`.`post_name` AS t0_r11, `vr_posts`.`to_ping` AS t0_r12, `vr_posts`.`pinged` AS t0_r13, `vr_posts`.`post_modified` AS t0_r14, `vr_posts`.`post_modified_gmt` AS t0_r15, `vr_posts`.`post_content_filtered` AS t0_r16, `vr_posts`.`post_parent` AS t0_r17, `vr_posts`.`guid` AS t0_r18, `vr_posts`.`menu_order` AS t0_r19, `vr_posts`.`post_type` AS t0_r20, `vr_posts`.`post_mime_type` AS t0_r21, `vr_posts`.`comment_count` AS t0_r22, `vr_term_taxonomy`.`term_taxonomy_id` AS t1_r0, `vr_term_taxonomy`.`term_id` AS t1_r1, `vr_term_taxonomy`.`taxonomy` AS t1_r2, `vr_term_taxonomy`.`description` AS t1_r3, `vr_term_taxonomy`.`parent` AS t1_r4, `vr_term_taxonomy`.`count` AS t1_r5, `vr_terms`.`term_id` AS t2_r0, `vr_terms`.`name` AS t2_r1, `vr_terms`.`slug` AS t2_r2, `vr_terms`.`term_group` AS t2_r3, `vr_terms`.`term_order` AS t2_r4, `vr_postmeta`.`meta_id` AS t3_r0, `vr_postmeta`.`post_id` AS t3_r1, `vr_postmeta`.`meta_key` AS t3_r2, `vr_postmeta`.`meta_value` AS t3_r3 FROM `vr_posts` LEFT OUTER JOIN `vr_term_relationships` ON `vr_term_relationships`.`object_id` = `vr_posts`.`ID` LEFT OUTER JOIN `vr_term_taxonomy` ON `vr_term_taxonomy`.`term_taxonomy_id` = `vr_term_relationships`.`term_taxonomy_id` LEFT OUTER JOIN `vr_term_relationships` `term_relationships_vr_posts_join` ON `term_relationships_vr_posts_join`.`object_id` = `vr_posts`.`ID` LEFT OUTER JOIN `vr_term_taxonomy` `term_taxonomys_vr_posts_join` ON `term_taxonomys_vr_posts_join`.`term_taxonomy_id` = `term_relationships_vr_posts_join`.`term_taxonomy_id` LEFT OUTER JOIN `vr_terms` ON `vr_terms`.`term_id` = `term_taxonomys_vr_posts_join`.`term_taxonomy_id` LEFT OUTER JOIN `vr_postmeta` ON `vr_postmeta`.`post_id` = `vr_posts`.`ID` WHERE (ID = '5039') AND `vr_posts`.`post_status` = 'publish'
  [1m[36mPost Load (21.5ms)[0m  [1mSELECT `vr_posts`.* FROM `vr_posts` WHERE `vr_posts`.`ID` IN (1723, 5039)[0m
  [1m[35mPostmeta Load (23.2ms)[0m  SELECT `vr_postmeta`.* FROM `vr_postmeta` WHERE `vr_postmeta`.`post_id` = 5039
  [1m[36mPost Load (22.3ms)[0m  [1mSELECT `vr_posts`.* FROM `vr_posts` WHERE `vr_posts`.`ID` = 12689[0m
  [1m[35mPost Load (26.9ms)[0m  SELECT  `vr_posts`.* FROM `vr_posts` WHERE `vr_posts`.`ID` = 12689 LIMIT 1
  [1m[36mPost Load (21.9ms)[0m  [1mSELECT `vr_posts`.* FROM `vr_posts` WHERE `vr_posts`.`ID` = 16743[0m
  [1m[35mPost Load (22.5ms)[0m  SELECT  `vr_posts`.* FROM `vr_posts` WHERE `vr_posts`.`ID` = 16743 LIMIT 1
  [1m[36mPostmeta Load (29.0ms)[0m  [1mSELECT `vr_postmeta`.* FROM `vr_postmeta` WHERE `vr_postmeta`.`post_id` = 1723[0m
  [1m[35mPost Load (28.5ms)[0m  SELECT `vr_posts`.* FROM `vr_posts` WHERE `vr_posts`.`ID` = 16132
  [1m[36mPost Load (24.2ms)[0m  [1mSELECT  `vr_posts`.* FROM `vr_posts` WHERE `vr_posts`.`ID` = 16132 LIMIT 1[0m
  [1m[35mPost Load (34.4ms)[0m  SELECT `vr_posts`.* FROM `vr_posts` WHERE `vr_posts`.`ID` = 14077
  [1m[36mPost Load (26.0ms)[0m  [1mSELECT  `vr_posts`.* FROM `vr_posts` WHERE `vr_posts`.`ID` = 14077 LIMIT 1[0m
  [1m[35mTermTaxonomy Load (23.3ms)[0m  SELECT `vr_term_taxonomy`.* FROM `vr_term_taxonomy` INNER JOIN `vr_term_relationships` ON `vr_term_taxonomy`.`term_taxonomy_id` = `vr_term_relationships`.`term_taxonomy_id` WHERE `vr_term_relationships`.`object_id` = 5039
  [1m[36mTermTaxonomy Load (21.1ms)[0m  [1mSELECT `vr_term_taxonomy`.* FROM `vr_term_taxonomy` INNER JOIN `vr_term_relationships` ON `vr_term_taxonomy`.`term_taxonomy_id` = `vr_term_relationships`.`term_taxonomy_id` WHERE `vr_term_relationships`.`object_id` = 1723[0m
Completed 200 OK in 3279ms (Views: 75.8ms | ActiveRecord: 2947.6ms)
